# JRE version: OpenJDK Runtime Environment Microsoft-25199 (11.0.12+7) (build 11.0.12+7)
# Java VM: OpenJDK 64-Bit Server VM Microsoft-25199 (11.0.12+7, mixed mode, tiered, compressed oops, g1 gc, windows-amd64)
Heap:
 garbage-first heap   total 345088K, used 80384K [0x0000000081400000, 0x0000000100000000)
  region size 1024K, 2 young (2048K), 2 survivors (2048K)
 Metaspace       used 11029K, capacity 11182K, committed 11392K, reserved 1058816K
  class space    used 1055K, capacity 1110K, committed 1152K, reserved 1048576K
GC Heap History (17 events):
Event: 0.386 GC heap before
{Heap before GC invocations=0 (full 0):
 garbage-first heap   total 131072K, used 36864K [0x0000000081400000, 0x0000000100000000)
  region size 1024K, 24 young (24576K), 0 survivors (0K)
 Metaspace       used 4657K, capacity 4728K, committed 4864K, reserved 1056768K
  class space    used 398K, capacity 424K, committed 512K, reserved 1048576K
}
Event: 0.404 GC heap after
{Heap after GC invocations=1 (full 0):
 garbage-first heap   total 131072K, used 18047K [0x0000000081400000, 0x0000000100000000)
  region size 1024K, 3 young (3072K), 3 survivors (3072K)
 Metaspace       used 4657K, capacity 4728K, committed 4864K, reserved 1056768K
  class space    used 398K, capacity 424K, committed 512K, reserved 1048576K
}
Event: 0.694 GC heap before
{Heap before GC invocations=1 (full 0):
 garbage-first heap   total 131072K, used 40575K [0x0000000081400000, 0x0000000100000000)
  region size 1024K, 16 young (16384K), 3 survivors (3072K)
 Metaspace       used 6988K, capacity 7041K, committed 7296K, reserved 1056768K
  class space    used 588K, capacity 619K, committed 640K, reserved 1048576K
}
Event: 0.704 GC heap after
{Heap after GC invocations=2 (full 0):
 garbage-first heap   total 131072K, used 29184K [0x0000000081400000, 0x0000000100000000)
  region size 1024K, 2 young (2048K), 2 survivors (2048K)
 Metaspace       used 6988K, capacity 7041K, committed 7296K, reserved 1056768K
  class space    used 588K, capacity 619K, committed 640K, reserved 1048576K
}
Event: 0.965 GC heap before
{Heap before GC invocations=2 (full 0):
 garbage-first heap   total 131072K, used 42496K [0x0000000081400000, 0x0000000100000000)
  region size 1024K, 15 young (15360K), 2 survivors (2048K)
 Metaspace       used 7748K, capacity 7812K, committed 7936K, reserved 1056768K
  class space    used 663K, capacity 684K, committed 768K, reserved 1048576K
}
Event: 0.976 GC heap after
{Heap after GC invocations=3 (full 0):
 garbage-first heap   total 131072K, used 38912K [0x0000000081400000, 0x0000000100000000)
  region size 1024K, 2 young (2048K), 2 survivors (2048K)
 Metaspace       used 7748K, capacity 7812K, committed 7936K, reserved 1056768K
  class space    used 663K, capacity 684K, committed 768K, reserved 1048576K
}
Event: 1.344 GC heap before
{Heap before GC invocations=3 (full 0):
 garbage-first heap   total 131072K, used 77824K [0x0000000081400000, 0x0000000100000000)
  region size 1024K, 31 young (31744K), 2 survivors (2048K)
 Metaspace       used 9926K, capacity 10094K, committed 10240K, reserved 1058816K
  class space    used 937K, capacity 982K, committed 1024K, reserved 1048576K
}
Event: 1.360 GC heap after
{Heap after GC invocations=4 (full 0):
 garbage-first heap   total 131072K, used 52224K [0x0000000081400000, 0x0000000100000000)
  region size 1024K, 4 young (4096K), 4 survivors (4096K)
 Metaspace       used 9926K, capacity 10094K, committed 10240K, reserved 1058816K
  class space    used 937K, capacity 982K, committed 1024K, reserved 1048576K
}
Event: 1.479 GC heap before
{Heap before GC invocations=4 (full 0):
 garbage-first heap   total 131072K, used 89088K [0x0000000081400000, 0x0000000100000000)
  region size 1024K, 31 young (31744K), 4 survivors (4096K)
 Metaspace       used 9938K, capacity 10094K, committed 10240K, reserved 1058816K
  class space    used 937K, capacity 982K, committed 1024K, reserved 1048576K
}
Event: 1.502 GC heap after
{Heap after GC invocations=5 (full 0):
 garbage-first heap   total 211968K, used 73728K [0x0000000081400000, 0x0000000100000000)
  region size 1024K, 4 young (4096K), 4 survivors (4096K)
 Metaspace       used 9938K, capacity 10094K, committed 10240K, reserved 1058816K
  class space    used 937K, capacity 982K, committed 1024K, reserved 1048576K
}
Event: 1.667 GC heap before
{Heap before GC invocations=5 (full 0):
 garbage-first heap   total 211968K, used 136192K [0x0000000081400000, 0x0000000100000000)
  region size 1024K, 47 young (48128K), 4 survivors (4096K)
 Metaspace       used 9994K, capacity 10190K, committed 10240K, reserved 1058816K
  class space    used 943K, capacity 1014K, committed 1024K, reserved 1048576K
}
Event: 1.688 GC heap after
{Heap after GC invocations=6 (full 0):
 garbage-first heap   total 211968K, used 100352K [0x0000000081400000, 0x0000000100000000)
  region size 1024K, 6 young (6144K), 6 survivors (6144K)
 Metaspace       used 9994K, capacity 10190K, committed 10240K, reserved 1058816K
  class space    used 943K, capacity 1014K, committed 1024K, reserved 1048576K
}
Event: 1.830 GC heap before
{Heap before GC invocations=6 (full 0):
 garbage-first heap   total 211968K, used 114688K [0x0000000081400000, 0x0000000100000000)
  region size 1024K, 21 young (21504K), 6 survivors (6144K)
 Metaspace       used 11029K, capacity 11182K, committed 11392K, reserved 1058816K
  class space    used 1055K, capacity 1110K, committed 1152K, reserved 1048576K
}
Event: 1.835 GC heap after
{Heap after GC invocations=7 (full 0):
 garbage-first heap   total 211968K, used 97792K [0x0000000081400000, 0x0000000100000000)
  region size 1024K, 6 young (6144K), 6 survivors (6144K)
 Metaspace       used 11029K, capacity 11182K, committed 11392K, reserved 1058816K
  class space    used 1055K, capacity 1110K, committed 1152K, reserved 1048576K
}
Event: 1.951 GC heap before
{Heap before GC invocations=8 (full 0):
 garbage-first heap   total 211968K, used 127488K [0x0000000081400000, 0x0000000100000000)
  region size 1024K, 44 young (45056K), 6 survivors (6144K)
 Metaspace       used 11029K, capacity 11182K, committed 11392K, reserved 1058816K
  class space    used 1055K, capacity 1110K, committed 1152K, reserved 1048576K
}
Event: 1.964 GC heap after
{Heap after GC invocations=9 (full 0):
 garbage-first heap   total 211968K, used 92160K [0x0000000081400000, 0x0000000100000000)
  region size 1024K, 6 young (6144K), 6 survivors (6144K)
 Metaspace       used 11029K, capacity 11182K, committed 11392K, reserved 1058816K
  class space    used 1055K, capacity 1110K, committed 1152K, reserved 1048576K
}
Event: 1.978 GC heap before
{Heap before GC invocations=9 (full 0):
 garbage-first heap   total 211968K, used 96256K [0x0000000081400000, 0x0000000100000000)
  region size 1024K, 10 young (10240K), 6 survivors (6144K)
 Metaspace       used 11029K, capacity 11182K, committed 11392K, reserved 1058816K
  class space    used 1055K, capacity 1110K, committed 1152K, reserved 1048576K
}

