# JRE version: OpenJDK Runtime Environment Microsoft-25199 (11.0.12+7) (build 11.0.12+7)
# Java VM: OpenJDK 64-Bit Server VM Microsoft-25199 (11.0.12+7, mixed mode, tiered, compressed oops, g1 gc, windows-amd64)
Heap:
 garbage-first heap   total 381952K, used 74881K [0x0000000081400000, 0x0000000100000000)
  region size 1024K, 5 young (5120K), 5 survivors (5120K)
 Metaspace       used 18086K, capacity 18349K, committed 18432K, reserved 1067008K
  class space    used 1684K, capacity 1785K, committed 1792K, reserved 1048576K
GC Heap History (20 events):
Event: 1.508 GC heap after
{Heap after GC invocations=32 (full 0):
 garbage-first heap   total 32768K, used 18086K [0x0000000081400000, 0x0000000100000000)
  region size 1024K, 1 young (1024K), 1 survivors (1024K)
 Metaspace       used 13772K, capacity 14068K, committed 14336K, reserved 1062912K
  class space    used 1434K, capacity 1503K, committed 1536K, reserved 1048576K
}
Event: 1.520 GC heap before
{Heap before GC invocations=32 (full 0):
 garbage-first heap   total 32768K, used 20134K [0x0000000081400000, 0x0000000100000000)
  region size 1024K, 4 young (4096K), 1 survivors (1024K)
 Metaspace       used 13772K, capacity 14068K, committed 14336K, reserved 1062912K
  class space    used 1434K, capacity 1503K, committed 1536K, reserved 1048576K
}
Event: 1.521 GC heap after
{Heap after GC invocations=33 (full 0):
 garbage-first heap   total 32768K, used 18244K [0x0000000081400000, 0x0000000100000000)
  region size 1024K, 1 young (1024K), 1 survivors (1024K)
 Metaspace       used 13772K, capacity 14068K, committed 14336K, reserved 1062912K
  class space    used 1434K, capacity 1503K, committed 1536K, reserved 1048576K
}
Event: 1.549 GC heap before
{Heap before GC invocations=34 (full 0):
 garbage-first heap   total 41984K, used 32580K [0x0000000081400000, 0x0000000100000000)
  region size 1024K, 2 young (2048K), 1 survivors (1024K)
 Metaspace       used 13772K, capacity 14068K, committed 14336K, reserved 1062912K
  class space    used 1434K, capacity 1503K, committed 1536K, reserved 1048576K
}
Event: 1.551 GC heap after
{Heap after GC invocations=35 (full 0):
 garbage-first heap   total 80896K, used 18429K [0x0000000081400000, 0x0000000100000000)
  region size 1024K, 1 young (1024K), 1 survivors (1024K)
 Metaspace       used 13772K, capacity 14068K, committed 14336K, reserved 1062912K
  class space    used 1434K, capacity 1503K, committed 1536K, reserved 1048576K
}
Event: 1.803 GC heap before
{Heap before GC invocations=36 (full 0):
 garbage-first heap   total 80896K, used 39933K [0x0000000081400000, 0x0000000100000000)
  region size 1024K, 18 young (18432K), 1 survivors (1024K)
 Metaspace       used 13898K, capacity 14197K, committed 14336K, reserved 1062912K
  class space    used 1434K, capacity 1503K, committed 1536K, reserved 1048576K
}
Event: 1.811 GC heap after
{Heap after GC invocations=37 (full 0):
 garbage-first heap   total 80896K, used 24921K [0x0000000081400000, 0x0000000100000000)
  region size 1024K, 3 young (3072K), 3 survivors (3072K)
 Metaspace       used 13898K, capacity 14197K, committed 14336K, reserved 1062912K
  class space    used 1434K, capacity 1503K, committed 1536K, reserved 1048576K
}
Event: 2.094 GC heap before
{Heap before GC invocations=37 (full 0):
 garbage-first heap   total 80896K, used 46425K [0x0000000081400000, 0x0000000100000000)
  region size 1024K, 22 young (22528K), 3 survivors (3072K)
 Metaspace       used 15080K, capacity 15337K, committed 15488K, reserved 1062912K
  class space    used 1522K, capacity 1605K, committed 1664K, reserved 1048576K
}
Event: 2.104 GC heap after
{Heap after GC invocations=38 (full 0):
 garbage-first heap   total 80896K, used 33223K [0x0000000081400000, 0x0000000100000000)
  region size 1024K, 3 young (3072K), 3 survivors (3072K)
 Metaspace       used 15080K, capacity 15337K, committed 15488K, reserved 1062912K
  class space    used 1522K, capacity 1605K, committed 1664K, reserved 1048576K
}
Event: 2.364 GC heap before
{Heap before GC invocations=38 (full 0):
 garbage-first heap   total 80896K, used 50631K [0x0000000081400000, 0x0000000100000000)
  region size 1024K, 20 young (20480K), 3 survivors (3072K)
 Metaspace       used 15812K, capacity 16120K, committed 16384K, reserved 1064960K
  class space    used 1578K, capacity 1692K, committed 1792K, reserved 1048576K
}
Event: 2.378 GC heap after
{Heap after GC invocations=39 (full 0):
 garbage-first heap   total 80896K, used 41584K [0x0000000081400000, 0x0000000100000000)
  region size 1024K, 3 young (3072K), 3 survivors (3072K)
 Metaspace       used 15812K, capacity 16120K, committed 16384K, reserved 1064960K
  class space    used 1578K, capacity 1692K, committed 1792K, reserved 1048576K
}
Event: 2.415 GC heap before
{Heap before GC invocations=39 (full 0):
 garbage-first heap   total 80896K, used 55920K [0x0000000081400000, 0x0000000100000000)
  region size 1024K, 17 young (17408K), 3 survivors (3072K)
 Metaspace       used 15853K, capacity 16130K, committed 16384K, reserved 1064960K
  class space    used 1581K, capacity 1695K, committed 1792K, reserved 1048576K
}
Event: 2.452 GC heap after
{Heap after GC invocations=40 (full 0):
 garbage-first heap   total 167936K, used 52736K [0x0000000081400000, 0x0000000100000000)
  region size 1024K, 3 young (3072K), 3 survivors (3072K)
 Metaspace       used 15853K, capacity 16130K, committed 16384K, reserved 1064960K
  class space    used 1581K, capacity 1695K, committed 1792K, reserved 1048576K
}
Event: 2.737 GC heap before
{Heap before GC invocations=41 (full 0):
 garbage-first heap   total 167936K, used 89600K [0x0000000081400000, 0x0000000100000000)
  region size 1024K, 37 young (37888K), 3 survivors (3072K)
 Metaspace       used 16177K, capacity 16530K, committed 16640K, reserved 1064960K
  class space    used 1586K, capacity 1696K, committed 1792K, reserved 1048576K
}
Event: 2.756 GC heap after
{Heap after GC invocations=42 (full 0):
 garbage-first heap   total 167936K, used 64000K [0x0000000081400000, 0x0000000100000000)
  region size 1024K, 5 young (5120K), 5 survivors (5120K)
 Metaspace       used 16177K, capacity 16530K, committed 16640K, reserved 1064960K
  class space    used 1586K, capacity 1696K, committed 1792K, reserved 1048576K
}
Event: 3.225 GC heap before
{Heap before GC invocations=42 (full 0):
 garbage-first heap   total 167936K, used 99840K [0x0000000081400000, 0x0000000100000000)
  region size 1024K, 40 young (40960K), 5 survivors (5120K)
 Metaspace       used 17403K, capacity 17702K, committed 17920K, reserved 1064960K
  class space    used 1683K, capacity 1785K, committed 1792K, reserved 1048576K
}
Event: 3.247 GC heap after
{Heap after GC invocations=43 (full 0):
 garbage-first heap   total 167936K, used 70144K [0x0000000081400000, 0x0000000100000000)
  region size 1024K, 5 young (5120K), 5 survivors (5120K)
 Metaspace       used 17403K, capacity 17702K, committed 17920K, reserved 1064960K
  class space    used 1683K, capacity 1785K, committed 1792K, reserved 1048576K
}
Event: 3.812 GC heap before
{Heap before GC invocations=43 (full 0):
 garbage-first heap   total 167936K, used 105984K [0x0000000081400000, 0x0000000100000000)
  region size 1024K, 40 young (40960K), 5 survivors (5120K)
 Metaspace       used 17921K, capacity 18220K, committed 18432K, reserved 1067008K
  class space    used 1684K, capacity 1785K, committed 1792K, reserved 1048576K
}
Event: 3.829 GC heap after
{Heap after GC invocations=44 (full 0):
 garbage-first heap   total 167936K, used 72780K [0x0000000081400000, 0x0000000100000000)
  region size 1024K, 3 young (3072K), 3 survivors (3072K)
 Metaspace       used 17921K, capacity 18220K, committed 18432K, reserved 1067008K
  class space    used 1684K, capacity 1785K, committed 1792K, reserved 1048576K
}
Event: 4.097 GC heap before
{Heap before GC invocations=44 (full 0):
 garbage-first heap   total 167936K, used 110668K [0x0000000081400000, 0x0000000100000000)
  region size 1024K, 40 young (40960K), 3 survivors (3072K)
 Metaspace       used 18086K, capacity 18349K, committed 18432K, reserved 1067008K
  class space    used 1684K, capacity 1785K, committed 1792K, reserved 1048576K
}

