# JRE version: OpenJDK Runtime Environment Microsoft-25199 (11.0.12+7) (build 11.0.12+7)
# Java VM: OpenJDK 64-Bit Server VM Microsoft-25199 (11.0.12+7, mixed mode, tiered, compressed oops, g1 gc, windows-amd64)
Heap:
 garbage-first heap   total 427008K, used 85063K [0x0000000081400000, 0x0000000100000000)
  region size 1024K, 10 young (10240K), 10 survivors (10240K)
 Metaspace       used 18347K, capacity 18612K, committed 18688K, reserved 1067008K
  class space    used 1683K, capacity 1785K, committed 1792K, reserved 1048576K
GC Heap History (20 events):
Event: 1.761 GC heap after
{Heap after GC invocations=38 (full 0):
 garbage-first heap   total 55296K, used 24792K [0x0000000081400000, 0x0000000100000000)
  region size 1024K, 2 young (2048K), 2 survivors (2048K)
 Metaspace       used 13882K, capacity 14133K, committed 14336K, reserved 1062912K
  class space    used 1433K, capacity 1503K, committed 1536K, reserved 1048576K
}
Event: 1.879 GC heap before
{Heap before GC invocations=38 (full 0):
 garbage-first heap   total 55296K, used 36056K [0x0000000081400000, 0x0000000100000000)
  region size 1024K, 13 young (13312K), 2 survivors (2048K)
 Metaspace       used 13954K, capacity 14199K, committed 14336K, reserved 1062912K
  class space    used 1433K, capacity 1503K, committed 1536K, reserved 1048576K
}
Event: 1.887 GC heap after
{Heap after GC invocations=39 (full 0):
 garbage-first heap   total 55296K, used 28652K [0x0000000081400000, 0x0000000100000000)
  region size 1024K, 2 young (2048K), 2 survivors (2048K)
 Metaspace       used 13954K, capacity 14199K, committed 14336K, reserved 1062912K
  class space    used 1433K, capacity 1503K, committed 1536K, reserved 1048576K
}
Event: 1.915 GC heap before
{Heap before GC invocations=39 (full 0):
 garbage-first heap   total 55296K, used 28652K [0x0000000081400000, 0x0000000100000000)
  region size 1024K, 3 young (3072K), 2 survivors (2048K)
 Metaspace       used 14269K, capacity 14531K, committed 14720K, reserved 1062912K
  class space    used 1467K, capacity 1571K, committed 1664K, reserved 1048576K
}
Event: 1.919 GC heap after
{Heap after GC invocations=40 (full 0):
 garbage-first heap   total 115712K, used 29541K [0x0000000081400000, 0x0000000100000000)
  region size 1024K, 1 young (1024K), 1 survivors (1024K)
 Metaspace       used 14269K, capacity 14531K, committed 14720K, reserved 1062912K
  class space    used 1467K, capacity 1571K, committed 1664K, reserved 1048576K
}
Event: 2.378 GC heap before
{Heap before GC invocations=41 (full 0):
 garbage-first heap   total 115712K, used 57189K [0x0000000081400000, 0x0000000100000000)
  region size 1024K, 25 young (25600K), 1 survivors (1024K)
 Metaspace       used 15807K, capacity 16117K, committed 16384K, reserved 1064960K
  class space    used 1577K, capacity 1692K, committed 1792K, reserved 1048576K
}
Event: 2.392 GC heap after
{Heap after GC invocations=42 (full 0):
 garbage-first heap   total 115712K, used 40960K [0x0000000081400000, 0x0000000100000000)
  region size 1024K, 4 young (4096K), 4 survivors (4096K)
 Metaspace       used 15807K, capacity 16117K, committed 16384K, reserved 1064960K
  class space    used 1577K, capacity 1692K, committed 1792K, reserved 1048576K
}
Event: 2.505 GC heap before
{Heap before GC invocations=42 (full 0):
 garbage-first heap   total 115712K, used 68608K [0x0000000081400000, 0x0000000100000000)
  region size 1024K, 31 young (31744K), 4 survivors (4096K)
 Metaspace       used 16007K, capacity 16323K, committed 16640K, reserved 1064960K
  class space    used 1580K, capacity 1695K, committed 1792K, reserved 1048576K
}
Event: 2.535 GC heap after
{Heap after GC invocations=43 (full 0):
 garbage-first heap   total 115712K, used 59146K [0x0000000081400000, 0x0000000100000000)
  region size 1024K, 4 young (4096K), 4 survivors (4096K)
 Metaspace       used 16007K, capacity 16323K, committed 16640K, reserved 1064960K
  class space    used 1580K, capacity 1695K, committed 1792K, reserved 1048576K
}
Event: 2.560 GC heap before
{Heap before GC invocations=43 (full 0):
 garbage-first heap   total 115712K, used 62218K [0x0000000081400000, 0x0000000100000000)
  region size 1024K, 8 young (8192K), 4 survivors (4096K)
 Metaspace       used 16046K, capacity 16389K, committed 16640K, reserved 1064960K
  class space    used 1580K, capacity 1695K, committed 1792K, reserved 1048576K
}
Event: 2.570 GC heap after
{Heap after GC invocations=44 (full 0):
 garbage-first heap   total 115712K, used 60416K [0x0000000081400000, 0x0000000100000000)
  region size 1024K, 1 young (1024K), 1 survivors (1024K)
 Metaspace       used 16046K, capacity 16389K, committed 16640K, reserved 1064960K
  class space    used 1580K, capacity 1695K, committed 1792K, reserved 1048576K
}
Event: 2.693 GC heap before
{Heap before GC invocations=45 (full 0):
 garbage-first heap   total 115712K, used 77824K [0x0000000081400000, 0x0000000100000000)
  region size 1024K, 16 young (16384K), 1 survivors (1024K)
 Metaspace       used 16178K, capacity 16461K, committed 16640K, reserved 1064960K
  class space    used 1584K, capacity 1695K, committed 1792K, reserved 1048576K
}
Event: 2.705 GC heap after
{Heap after GC invocations=46 (full 0):
 garbage-first heap   total 249856K, used 64512K [0x0000000081400000, 0x0000000100000000)
  region size 1024K, 2 young (2048K), 2 survivors (2048K)
 Metaspace       used 16178K, capacity 16461K, committed 16640K, reserved 1064960K
  class space    used 1584K, capacity 1695K, committed 1792K, reserved 1048576K
}
Event: 3.553 GC heap before
{Heap before GC invocations=46 (full 0):
 garbage-first heap   total 249856K, used 118784K [0x0000000081400000, 0x0000000100000000)
  region size 1024K, 55 young (56320K), 2 survivors (2048K)
 Metaspace       used 17676K, capacity 17959K, committed 18176K, reserved 1064960K
  class space    used 1682K, capacity 1785K, committed 1792K, reserved 1048576K
}
Event: 3.572 GC heap after
{Heap after GC invocations=47 (full 0):
 garbage-first heap   total 249856K, used 71334K [0x0000000081400000, 0x0000000100000000)
  region size 1024K, 7 young (7168K), 7 survivors (7168K)
 Metaspace       used 17676K, capacity 17959K, committed 18176K, reserved 1064960K
  class space    used 1682K, capacity 1785K, committed 1792K, reserved 1048576K
}
Event: 4.210 GC heap before
{Heap before GC invocations=47 (full 0):
 garbage-first heap   total 249856K, used 137894K [0x0000000081400000, 0x0000000100000000)
  region size 1024K, 72 young (73728K), 7 survivors (7168K)
 Metaspace       used 18113K, capacity 18414K, committed 18432K, reserved 1067008K
  class space    used 1683K, capacity 1785K, committed 1792K, reserved 1048576K
}
Event: 4.226 GC heap after
{Heap after GC invocations=48 (full 0):
 garbage-first heap   total 249856K, used 75509K [0x0000000081400000, 0x0000000100000000)
  region size 1024K, 4 young (4096K), 4 survivors (4096K)
 Metaspace       used 18113K, capacity 18414K, committed 18432K, reserved 1067008K
  class space    used 1683K, capacity 1785K, committed 1792K, reserved 1048576K
}
Event: 4.723 GC heap before
{Heap before GC invocations=48 (full 0):
 garbage-first heap   total 249856K, used 152309K [0x0000000081400000, 0x0000000100000000)
  region size 1024K, 79 young (80896K), 4 survivors (4096K)
 Metaspace       used 18255K, capacity 18547K, committed 18688K, reserved 1067008K
  class space    used 1683K, capacity 1785K, committed 1792K, reserved 1048576K
}
Event: 4.733 GC heap after
{Heap after GC invocations=49 (full 0):
 garbage-first heap   total 249856K, used 79432K [0x0000000081400000, 0x0000000100000000)
  region size 1024K, 8 young (8192K), 8 survivors (8192K)
 Metaspace       used 18255K, capacity 18547K, committed 18688K, reserved 1067008K
  class space    used 1683K, capacity 1785K, committed 1792K, reserved 1048576K
}
Event: 5.319 GC heap before
{Heap before GC invocations=49 (full 0):
 garbage-first heap   total 249856K, used 163400K [0x0000000081400000, 0x0000000100000000)
  region size 1024K, 90 young (92160K), 8 survivors (8192K)
 Metaspace       used 18347K, capacity 18612K, committed 18688K, reserved 1067008K
  class space    used 1683K, capacity 1785K, committed 1792K, reserved 1048576K
}

