# JRE version: OpenJDK Runtime Environment Microsoft-25199 (11.0.12+7) (build 11.0.12+7)
# Java VM: OpenJDK 64-Bit Server VM Microsoft-25199 (11.0.12+7, mixed mode, tiered, compressed oops, g1 gc, windows-amd64)
Heap:
 garbage-first heap   total 262144K, used 65359K [0x0000000081400000, 0x0000000100000000)
  region size 1024K, 5 young (5120K), 5 survivors (5120K)
 Metaspace       used 9948K, capacity 10094K, committed 10240K, reserved 1058816K
  class space    used 937K, capacity 982K, committed 1024K, reserved 1048576K
GC Heap History (9 events):
Event: 0.275 GC heap before
{Heap before GC invocations=0 (full 0):
 garbage-first heap   total 131072K, used 36864K [0x0000000081400000, 0x0000000100000000)
  region size 1024K, 24 young (24576K), 0 survivors (0K)
 Metaspace       used 4657K, capacity 4728K, committed 4864K, reserved 1056768K
  class space    used 398K, capacity 424K, committed 512K, reserved 1048576K
}
Event: 0.339 GC heap after
{Heap after GC invocations=1 (full 0):
 garbage-first heap   total 131072K, used 18053K [0x0000000081400000, 0x0000000100000000)
  region size 1024K, 3 young (3072K), 3 survivors (3072K)
 Metaspace       used 4657K, capacity 4728K, committed 4864K, reserved 1056768K
  class space    used 398K, capacity 424K, committed 512K, reserved 1048576K
}
Event: 0.428 GC heap before
{Heap before GC invocations=1 (full 0):
 garbage-first heap   total 131072K, used 30341K [0x0000000081400000, 0x0000000100000000)
  region size 1024K, 6 young (6144K), 3 survivors (3072K)
 Metaspace       used 5482K, capacity 5534K, committed 5632K, reserved 1056768K
  class space    used 447K, capacity 458K, committed 512K, reserved 1048576K
}
Event: 0.433 GC heap after
{Heap after GC invocations=2 (full 0):
 garbage-first heap   total 131072K, used 24576K [0x0000000081400000, 0x0000000100000000)
  region size 1024K, 1 young (1024K), 1 survivors (1024K)
 Metaspace       used 5482K, capacity 5534K, committed 5632K, reserved 1056768K
  class space    used 447K, capacity 458K, committed 512K, reserved 1048576K
}
Event: 0.572 GC heap before
{Heap before GC invocations=2 (full 0):
 garbage-first heap   total 131072K, used 35840K [0x0000000081400000, 0x0000000100000000)
  region size 1024K, 13 young (13312K), 1 survivors (1024K)
 Metaspace       used 7060K, capacity 7105K, committed 7296K, reserved 1056768K
  class space    used 595K, capacity 619K, committed 640K, reserved 1048576K
}
Event: 0.580 GC heap after
{Heap after GC invocations=3 (full 0):
 garbage-first heap   total 131072K, used 30939K [0x0000000081400000, 0x0000000100000000)
  region size 1024K, 2 young (2048K), 2 survivors (2048K)
 Metaspace       used 7060K, capacity 7105K, committed 7296K, reserved 1056768K
  class space    used 595K, capacity 619K, committed 640K, reserved 1048576K
}
Event: 0.909 GC heap before
{Heap before GC invocations=3 (full 0):
 garbage-first heap   total 131072K, used 67803K [0x0000000081400000, 0x0000000100000000)
  region size 1024K, 32 young (32768K), 2 survivors (2048K)
 Metaspace       used 9934K, capacity 10094K, committed 10240K, reserved 1058816K
  class space    used 937K, capacity 982K, committed 1024K, reserved 1048576K
}
Event: 0.919 GC heap after
{Heap after GC invocations=4 (full 0):
 garbage-first heap   total 131072K, used 43323K [0x0000000081400000, 0x0000000100000000)
  region size 1024K, 4 young (4096K), 4 survivors (4096K)
 Metaspace       used 9934K, capacity 10094K, committed 10240K, reserved 1058816K
  class space    used 937K, capacity 982K, committed 1024K, reserved 1048576K
}
Event: 1.014 GC heap before
{Heap before GC invocations=4 (full 0):
 garbage-first heap   total 131072K, used 91451K [0x0000000081400000, 0x0000000100000000)
  region size 1024K, 39 young (39936K), 4 survivors (4096K)
 Metaspace       used 9948K, capacity 10094K, committed 10240K, reserved 1058816K
  class space    used 937K, capacity 982K, committed 1024K, reserved 1048576K
}

